[ 2019-08-15T15:30:24+08:00 ] 127.0.0.1 /index.php/Home
INFO: [ app_init ] --START--
INFO: Run Behavior\BuildLiteBehavior [ RunTime:0.000023s ]
INFO: [ app_init ] --END-- [ RunTime:0.000371s ]
INFO: [ app_begin ] --START--
INFO: Run Behavior\ReadHtmlCacheBehavior [ RunTime:0.000610s ]
INFO: [ app_begin ] --END-- [ RunTime:0.000652s ]
SQL: SHOW COLUMNS FROM `wy_system` [ RunTime:0.0068s ]
SQL: SELECT `sys_des2` FROM `wy_system` LIMIT 1   [ RunTime:0.0003s ]
INFO: [ view_parse ] --START--
INFO: [ template_filter ] --START--
INFO: Run Behavior\ContentReplaceBehavior [ RunTime:0.000101s ]
INFO: [ template_filter ] --END-- [ RunTime:0.000141s ]
SQL: SHOW COLUMNS FROM `wy_category` [ RunTime:0.0047s ]
SQL: SELECT * FROM `wy_category` WHERE ( cate_status='1' ) ORDER BY cate_sort  [ RunTime:0.0239s ]
SQL: SELECT `sys_concept` FROM `wy_system` LIMIT 1   [ RunTime:0.0003s ]
INFO: [ view_parse ] --START--
INFO: [ template_filter ] --START--
INFO: Run Behavior\ContentReplaceBehavior [ RunTime:0.000041s ]
INFO: [ template_filter ] --END-- [ RunTime:-0.203606s ]
NOTIC: [8] Undefined index: children E:\code\wanyu\Application\Runtime\Cache\Home\a2dce8bbd958434f8512d260119226ac.php 第 48 行.
INFO: Run Behavior\ParseTemplateBehavior [ RunTime:0.063488s ]
INFO: [ view_parse ] --END-- [ RunTime:0.063540s ]
INFO: [ view_filter ] --START--
INFO: Run Behavior\WriteHtmlCacheBehavior [ RunTime:0.000452s ]
INFO: [ view_filter ] --END-- [ RunTime:0.000483s ]
NOTIC: [2] Missing argument 1 for Home\Controller\CommonController::getSysInfo(), called in E:\code\wanyu\Application\Home\Controller\PublicController.class.php on line 20 and defined E:\code\wanyu\Application\Home\Controller\CommonController.class.php 第 5 行.
NOTIC: [8] Undefined variable: field E:\code\wanyu\Application\Home\Controller\CommonController.class.php 第 7 行.
SQL: SELECT * FROM `wy_system` LIMIT 1   [ RunTime:0.0003s ]
INFO: [ view_parse ] --START--
INFO: [ template_filter ] --START--
INFO: Run Behavior\ContentReplaceBehavior [ RunTime:0.000041s ]
INFO: [ template_filter ] --END-- [ RunTime:-0.278561s ]
INFO: Run Behavior\ParseTemplateBehavior [ RunTime:0.033863s ]
INFO: [ view_parse ] --END-- [ RunTime:-0.057848s ]
INFO: [ view_filter ] --START--
INFO: Run Behavior\WriteHtmlCacheBehavior [ RunTime:0.000015s ]
INFO: [ view_filter ] --END-- [ RunTime:-0.091304s ]
INFO: Run Behavior\ParseTemplateBehavior [ RunTime:0.034026s ]
INFO: [ view_parse ] --END-- [ RunTime:-0.057848s ]
INFO: [ view_filter ] --START--
INFO: Run Behavior\WriteHtmlCacheBehavior [ RunTime:0.000011s ]
INFO: [ view_filter ] --END-- [ RunTime:-0.091456s ]
INFO: [ app_end ] --START--
INFO: Run Behavior\ShowPageTraceBehavior [ RunTime:0.001215s ]
INFO: [ app_end ] --END-- [ RunTime:0.001278s ]

[ 2019-08-15T15:34:52+08:00 ] 127.0.0.1 /index.php/Home/List/show_list/id/2
INFO: [ app_init ] --START--
INFO: Run Behavior\BuildLiteBehavior [ RunTime:0.000011s ]
INFO: [ app_init ] --END-- [ RunTime:0.000355s ]
INFO: [ app_begin ] --START--
INFO: Run Behavior\ReadHtmlCacheBehavior [ RunTime:0.000652s ]
INFO: [ app_begin ] --END-- [ RunTime:0.000699s ]
SQL: SHOW COLUMNS FROM `wy_category` [ RunTime:0.0051s ]
SQL: SELECT `cate_pid` FROM `wy_category` WHERE ( cate_id=2 ) LIMIT 1   [ RunTime:0.0003s ]
SQL: SELECT `cate_name` FROM `wy_category` WHERE ( cate_id=1 ) LIMIT 1   [ RunTime:0.0003s ]
SQL: SELECT * FROM `wy_category` INNER JOIN wy_template ON wy_template.temp_id = wy_category.cate_list_tempid  WHERE `cate_id` = '2' LIMIT 1   [ RunTime:0.0011s ]
SQL: SHOW COLUMNS FROM `wy_catecont` [ RunTime:0.0081s ]
SQL: SELECT `con_content` FROM `wy_catecont` WHERE ( cate_id=2 ) LIMIT 1   [ RunTime:0.0005s ]
INFO: [ view_parse ] --START--
INFO: [ template_filter ] --START--
INFO: Run Behavior\ContentReplaceBehavior [ RunTime:0.000070s ]
INFO: [ template_filter ] --END-- [ RunTime:0.000110s ]
SQL: SELECT * FROM `wy_category` WHERE ( cate_status='1' ) ORDER BY cate_sort  [ RunTime:0.0008s ]
SQL: SHOW COLUMNS FROM `wy_system` [ RunTime:0.0075s ]
SQL: SELECT `sys_concept` FROM `wy_system` LIMIT 1   [ RunTime:0.0002s ]
INFO: [ view_parse ] --START--
INFO: [ template_filter ] --START--
INFO: Run Behavior\ContentReplaceBehavior [ RunTime:0.000041s ]
INFO: [ template_filter ] --END-- [ RunTime:-0.029597s ]
NOTIC: [8] Undefined index: children E:\code\wanyu\Application\Runtime\Cache\Home\a2dce8bbd958434f8512d260119226ac.php 第 48 行.
INFO: Run Behavior\ParseTemplateBehavior [ RunTime:0.002787s ]
INFO: [ view_parse ] --END-- [ RunTime:0.002834s ]
INFO: [ view_filter ] --START--
INFO: Run Behavior\WriteHtmlCacheBehavior [ RunTime:0.000417s ]
INFO: [ view_filter ] --END-- [ RunTime:0.000448s ]
SQL: SELECT * FROM `wy_category` WHERE ( cate_id=2 ) LIMIT 1   [ RunTime:0.0005s ]
SQL: SELECT `cate_id`,`cate_name`,`cate_url`,`cate_pid` FROM `wy_category` WHERE ( cate_pid=1 )  [ RunTime:0.0006s ]
INFO: [ view_parse ] --START--
INFO: [ template_filter ] --START--
INFO: Run Behavior\ContentReplaceBehavior [ RunTime:0.000203s ]
INFO: [ template_filter ] --END-- [ RunTime:-0.053424s ]
NOTIC: [8] Undefined index: cate_id E:\code\wanyu\Application\Runtime\Cache\Home\ec64167d09ef86218fa9e09ad6e88c30.php 第 14 行.
NOTIC: [8] Undefined index: cate_id E:\code\wanyu\Application\Runtime\Cache\Home\ec64167d09ef86218fa9e09ad6e88c30.php 第 14 行.
NOTIC: [8] Undefined index: cate_id E:\code\wanyu\Application\Runtime\Cache\Home\ec64167d09ef86218fa9e09ad6e88c30.php 第 14 行.
INFO: Run Behavior\ParseTemplateBehavior [ RunTime:0.036910s ]
INFO: [ view_parse ] --END-- [ RunTime:-0.002182s ]
INFO: [ view_filter ] --START--
INFO: Run Behavior\WriteHtmlCacheBehavior [ RunTime:0.000019s ]
INFO: [ view_filter ] --END-- [ RunTime:-0.038759s ]
NOTIC: [2] Missing argument 1 for Home\Controller\CommonController::getSysInfo(), called in E:\code\wanyu\Application\Home\Controller\PublicController.class.php on line 20 and defined E:\code\wanyu\Application\Home\Controller\CommonController.class.php 第 5 行.
NOTIC: [8] Undefined variable: field E:\code\wanyu\Application\Home\Controller\CommonController.class.php 第 7 行.
SQL: SELECT * FROM `wy_system` LIMIT 1   [ RunTime:0.0006s ]
INFO: [ view_parse ] --START--
INFO: [ template_filter ] --START--
INFO: Run Behavior\ContentReplaceBehavior [ RunTime:0.000028s ]
INFO: [ template_filter ] --END-- [ RunTime:-0.072143s ]
INFO: Run Behavior\ParseTemplateBehavior [ RunTime:0.002135s ]
INFO: [ view_parse ] --END-- [ RunTime:-0.040470s ]
INFO: [ view_filter ] --START--
INFO: Run Behavior\WriteHtmlCacheBehavior [ RunTime:0.000012s ]
INFO: [ view_filter ] --END-- [ RunTime:-0.042215s ]
INFO: Run Behavior\ParseTemplateBehavior [ RunTime:0.002268s ]
INFO: [ view_parse ] --END-- [ RunTime:-0.040470s ]
INFO: [ view_filter ] --START--
INFO: Run Behavior\WriteHtmlCacheBehavior [ RunTime:0.000006s ]
INFO: [ view_filter ] --END-- [ RunTime:-0.042322s ]
INFO: [ app_end ] --START--
INFO: Run Behavior\ShowPageTraceBehavior [ RunTime:0.001655s ]
INFO: [ app_end ] --END-- [ RunTime:0.001777s ]

[ 2019-08-15T16:09:58+08:00 ] 127.0.0.1 /
INFO: [ app_init ] --START--
INFO: Run Behavior\BuildLiteBehavior [ RunTime:0.000020s ]
INFO: [ app_init ] --END-- [ RunTime:0.001043s ]
INFO: [ app_begin ] --START--
INFO: Run Behavior\ReadHtmlCacheBehavior [ RunTime:0.000796s ]
INFO: [ app_begin ] --END-- [ RunTime:0.000848s ]
SQL: SHOW COLUMNS FROM `wy_system` [ RunTime:0.0054s ]
SQL: SELECT `sys_des2` FROM `wy_system` LIMIT 1   [ RunTime:0.0002s ]
INFO: [ view_parse ] --START--
INFO: [ template_filter ] --START--
INFO: Run Behavior\ContentReplaceBehavior [ RunTime:0.000117s ]
INFO: [ template_filter ] --END-- [ RunTime:0.000164s ]
SQL: SHOW COLUMNS FROM `wy_category` [ RunTime:0.0053s ]
SQL: SELECT * FROM `wy_category` WHERE ( cate_status='1' ) ORDER BY cate_sort  [ RunTime:0.0005s ]
SQL: SELECT `sys_concept` FROM `wy_system` LIMIT 1   [ RunTime:0.0002s ]
INFO: [ view_parse ] --START--
INFO: [ template_filter ] --START--
INFO: Run Behavior\ContentReplaceBehavior [ RunTime:0.000040s ]
INFO: [ template_filter ] --END-- [ RunTime:-0.010876s ]
NOTIC: [8] Undefined index: children E:\code\wanyu\Application\Runtime\Cache\Home\a2dce8bbd958434f8512d260119226ac.php 第 48 行.
INFO: Run Behavior\ParseTemplateBehavior [ RunTime:0.002744s ]
INFO: [ view_parse ] --END-- [ RunTime:0.002777s ]
INFO: [ view_filter ] --START--
INFO: Run Behavior\WriteHtmlCacheBehavior [ RunTime:0.000437s ]
INFO: [ view_filter ] --END-- [ RunTime:0.000463s ]
NOTIC: [2] Missing argument 1 for Home\Controller\CommonController::getSysInfo(), called in E:\code\wanyu\Application\Home\Controller\PublicController.class.php on line 20 and defined E:\code\wanyu\Application\Home\Controller\CommonController.class.php 第 5 行.
NOTIC: [8] Undefined variable: field E:\code\wanyu\Application\Home\Controller\CommonController.class.php 第 7 行.
SQL: SELECT * FROM `wy_system` LIMIT 1   [ RunTime:0.0003s ]
INFO: [ view_parse ] --START--
INFO: [ template_filter ] --START--
INFO: Run Behavior\ContentReplaceBehavior [ RunTime:0.000028s ]
INFO: [ template_filter ] --END-- [ RunTime:-0.014255s ]
INFO: Run Behavior\ParseTemplateBehavior [ RunTime:0.002102s ]
INFO: [ view_parse ] --END-- [ RunTime:-0.001322s ]
INFO: [ view_filter ] --START--
INFO: Run Behavior\WriteHtmlCacheBehavior [ RunTime:0.000008s ]
INFO: [ view_filter ] --END-- [ RunTime:-0.002994s ]
INFO: Run Behavior\ParseTemplateBehavior [ RunTime:0.002194s ]
INFO: [ view_parse ] --END-- [ RunTime:-0.001322s ]
INFO: [ view_filter ] --START--
INFO: Run Behavior\WriteHtmlCacheBehavior [ RunTime:0.000006s ]
INFO: [ view_filter ] --END-- [ RunTime:-0.003088s ]
INFO: [ app_end ] --START--
INFO: Run Behavior\ShowPageTraceBehavior [ RunTime:0.000838s ]
INFO: [ app_end ] --END-- [ RunTime:0.000888s ]

[ 2019-08-15T16:10:05+08:00 ] 127.0.0.1 /
INFO: [ app_init ] --START--
INFO: Run Behavior\BuildLiteBehavior [ RunTime:0.000013s ]
INFO: [ app_init ] --END-- [ RunTime:0.000409s ]
INFO: [ app_begin ] --START--
INFO: Run Behavior\ReadHtmlCacheBehavior [ RunTime:0.000611s ]
INFO: [ app_begin ] --END-- [ RunTime:0.000658s ]
SQL: SHOW COLUMNS FROM `wy_system` [ RunTime:0.0051s ]
SQL: SELECT `sys_des2` FROM `wy_system` LIMIT 1   [ RunTime:0.0002s ]
INFO: [ view_parse ] --START--
INFO: [ template_filter ] --START--
INFO: Run Behavior\ContentReplaceBehavior [ RunTime:0.000360s ]
INFO: [ template_filter ] --END-- [ RunTime:0.000506s ]
SQL: SHOW COLUMNS FROM `wy_category` [ RunTime:0.0049s ]
SQL: SELECT * FROM `wy_category` WHERE ( cate_status='1' ) ORDER BY cate_sort  [ RunTime:0.0005s ]
SQL: SELECT `sys_concept` FROM `wy_system` LIMIT 1   [ RunTime:0.0002s ]
INFO: [ view_parse ] --START--
INFO: [ template_filter ] --START--
INFO: Run Behavior\ContentReplaceBehavior [ RunTime:0.000057s ]
INFO: [ template_filter ] --END-- [ RunTime:-0.014135s ]
NOTIC: [8] Undefined index: children E:\code\wanyu\Application\Runtime\Cache\Home\a2dce8bbd958434f8512d260119226ac.php 第 48 行.
INFO: Run Behavior\ParseTemplateBehavior [ RunTime:0.004292s ]
INFO: [ view_parse ] --END-- [ RunTime:0.004481s ]
INFO: [ view_filter ] --START--
INFO: Run Behavior\WriteHtmlCacheBehavior [ RunTime:0.002154s ]
INFO: [ view_filter ] --END-- [ RunTime:0.002554s ]
NOTIC: [2] Missing argument 1 for Home\Controller\CommonController::getSysInfo(), called in E:\code\wanyu\Application\Home\Controller\PublicController.class.php on line 20 and defined E:\code\wanyu\Application\Home\Controller\CommonController.class.php 第 5 行.
NOTIC: [8] Undefined variable: field E:\code\wanyu\Application\Home\Controller\CommonController.class.php 第 7 行.
SQL: SELECT * FROM `wy_system` LIMIT 1   [ RunTime:0.0009s ]
INFO: [ view_parse ] --START--
INFO: [ template_filter ] --START--
INFO: Run Behavior\ContentReplaceBehavior [ RunTime:0.000028s ]
INFO: [ template_filter ] --END-- [ RunTime:-0.022007s ]
INFO: Run Behavior\ParseTemplateBehavior [ RunTime:0.002074s ]
INFO: [ view_parse ] --END-- [ RunTime:-0.004781s ]
INFO: [ view_filter ] --START--
INFO: Run Behavior\WriteHtmlCacheBehavior [ RunTime:0.000010s ]
INFO: [ view_filter ] --END-- [ RunTime:-0.004210s ]
INFO: Run Behavior\ParseTemplateBehavior [ RunTime:0.002183s ]
INFO: [ view_parse ] --END-- [ RunTime:-0.004781s ]
INFO: [ view_filter ] --START--
INFO: Run Behavior\WriteHtmlCacheBehavior [ RunTime:0.000007s ]
INFO: [ view_filter ] --END-- [ RunTime:-0.004311s ]
INFO: [ app_end ] --START--
INFO: Run Behavior\ShowPageTraceBehavior [ RunTime:0.000903s ]
INFO: [ app_end ] --END-- [ RunTime:0.000956s ]

[ 2019-08-15T16:12:50+08:00 ] 127.0.0.1 /
INFO: [ app_init ] --START--
INFO: Run Behavior\BuildLiteBehavior [ RunTime:0.000018s ]
INFO: [ app_init ] --END-- [ RunTime:0.000687s ]
INFO: [ app_begin ] --START--
INFO: Run Behavior\ReadHtmlCacheBehavior [ RunTime:0.000896s ]
INFO: [ app_begin ] --END-- [ RunTime:0.000976s ]
SQL: SHOW COLUMNS FROM `wy_system` [ RunTime:0.0089s ]
SQL: SELECT `sys_des2` FROM `wy_system` LIMIT 1   [ RunTime:0.0003s ]
INFO: [ view_parse ] --START--
INFO: [ template_filter ] --START--
INFO: Run Behavior\ContentReplaceBehavior [ RunTime:0.000131s ]
INFO: [ template_filter ] --END-- [ RunTime:0.000184s ]
SQL: SHOW COLUMNS FROM `wy_category` [ RunTime:0.0213s ]
SQL: SELECT * FROM `wy_category` WHERE ( cate_status='1' ) ORDER BY cate_sort  [ RunTime:0.0004s ]
SQL: SELECT `sys_concept` FROM `wy_system` LIMIT 1   [ RunTime:0.0002s ]
INFO: [ view_parse ] --START--
INFO: [ template_filter ] --START--
INFO: Run Behavior\ContentReplaceBehavior [ RunTime:0.000039s ]
INFO: [ template_filter ] --END-- [ RunTime:-0.027418s ]
NOTIC: [8] Undefined index: children E:\code\wanyu\Application\Runtime\Cache\Home\a2dce8bbd958434f8512d260119226ac.php 第 48 行.
INFO: Run Behavior\ParseTemplateBehavior [ RunTime:0.002469s ]
INFO: [ view_parse ] --END-- [ RunTime:0.002502s ]
INFO: [ view_filter ] --START--
INFO: Run Behavior\WriteHtmlCacheBehavior [ RunTime:0.000354s ]
INFO: [ view_filter ] --END-- [ RunTime:0.000380s ]
NOTIC: [2] Missing argument 1 for Home\Controller\CommonController::getSysInfo(), called in E:\code\wanyu\Application\Home\Controller\PublicController.class.php on line 20 and defined E:\code\wanyu\Application\Home\Controller\CommonController.class.php 第 5 行.
NOTIC: [8] Undefined variable: field E:\code\wanyu\Application\Home\Controller\CommonController.class.php 第 7 行.
SQL: SELECT * FROM `wy_system` LIMIT 1   [ RunTime:0.0003s ]
INFO: [ view_parse ] --START--
INFO: [ template_filter ] --START--
INFO: Run Behavior\ContentReplaceBehavior [ RunTime:0.000025s ]
INFO: [ template_filter ] --END-- [ RunTime:-0.030195s ]
INFO: Run Behavior\ParseTemplateBehavior [ RunTime:0.001550s ]
INFO: [ view_parse ] --END-- [ RunTime:-0.001055s ]
INFO: [ view_filter ] --START--
INFO: Run Behavior\WriteHtmlCacheBehavior [ RunTime:0.000012s ]
INFO: [ view_filter ] --END-- [ RunTime:-0.002286s ]
INFO: Run Behavior\ParseTemplateBehavior [ RunTime:0.001683s ]
INFO: [ view_parse ] --END-- [ RunTime:-0.001055s ]
INFO: [ view_filter ] --START--
INFO: Run Behavior\WriteHtmlCacheBehavior [ RunTime:0.000006s ]
INFO: [ view_filter ] --END-- [ RunTime:-0.002394s ]
INFO: [ app_end ] --START--
INFO: Run Behavior\ShowPageTraceBehavior [ RunTime:0.000767s ]
INFO: [ app_end ] --END-- [ RunTime:0.000808s ]

[ 2019-08-15T16:46:51+08:00 ] 127.0.0.1 /
INFO: [ app_init ] --START--
INFO: Run Behavior\BuildLiteBehavior [ RunTime:0.000017s ]
INFO: [ app_init ] --END-- [ RunTime:0.001363s ]
INFO: [ app_begin ] --START--
INFO: Run Behavior\ReadHtmlCacheBehavior [ RunTime:0.000850s ]
INFO: [ app_begin ] --END-- [ RunTime:0.000916s ]
SQL: SHOW COLUMNS FROM `wy_system` [ RunTime:0.0051s ]
SQL: SELECT `sys_des2` FROM `wy_system` LIMIT 1   [ RunTime:0.0003s ]
INFO: [ view_parse ] --START--
INFO: [ template_filter ] --START--
INFO: Run Behavior\ContentReplaceBehavior [ RunTime:0.000143s ]
INFO: [ template_filter ] --END-- [ RunTime:0.000215s ]
SQL: SHOW COLUMNS FROM `wy_category` [ RunTime:0.0048s ]
SQL: SELECT * FROM `wy_category` WHERE ( cate_status='1' ) ORDER BY cate_sort  [ RunTime:0.0004s ]
SQL: SELECT `sys_concept` FROM `wy_system` LIMIT 1   [ RunTime:0.0001s ]
INFO: [ view_parse ] --START--
INFO: [ template_filter ] --START--
INFO: Run Behavior\ContentReplaceBehavior [ RunTime:0.000044s ]
INFO: [ template_filter ] --END-- [ RunTime:-0.010868s ]
NOTIC: [8] Undefined index: children E:\code\wanyu\Application\Runtime\Cache\Home\a2dce8bbd958434f8512d260119226ac.php 第 48 行.
INFO: Run Behavior\ParseTemplateBehavior [ RunTime:0.003004s ]
INFO: [ view_parse ] --END-- [ RunTime:0.003043s ]
INFO: [ view_filter ] --START--
INFO: Run Behavior\WriteHtmlCacheBehavior [ RunTime:0.000427s ]
INFO: [ view_filter ] --END-- [ RunTime:0.000457s ]
NOTIC: [2] Missing argument 1 for Home\Controller\CommonController::getSysInfo(), called in E:\code\wanyu\Application\Home\Controller\PublicController.class.php on line 20 and defined E:\code\wanyu\Application\Home\Controller\CommonController.class.php 第 5 行.
NOTIC: [8] Undefined variable: field E:\code\wanyu\Application\Home\Controller\CommonController.class.php 第 7 行.
SQL: SELECT * FROM `wy_system` LIMIT 1   [ RunTime:0.0003s ]
INFO: [ view_parse ] --START--
INFO: [ template_filter ] --START--
INFO: Run Behavior\ContentReplaceBehavior [ RunTime:0.000148s ]
INFO: [ template_filter ] --END-- [ RunTime:-0.015560s ]
INFO: Run Behavior\ParseTemplateBehavior [ RunTime:0.003889s ]
INFO: [ view_parse ] --END-- [ RunTime:-0.001250s ]
INFO: [ view_filter ] --START--
INFO: Run Behavior\WriteHtmlCacheBehavior [ RunTime:0.000010s ]
INFO: [ view_filter ] --END-- [ RunTime:-0.004724s ]
INFO: Run Behavior\ParseTemplateBehavior [ RunTime:0.004012s ]
INFO: [ view_parse ] --END-- [ RunTime:-0.001250s ]
INFO: [ view_filter ] --START--
INFO: Run Behavior\WriteHtmlCacheBehavior [ RunTime:0.000010s ]
INFO: [ view_filter ] --END-- [ RunTime:-0.004860s ]
INFO: [ app_end ] --START--
INFO: Run Behavior\ShowPageTraceBehavior [ RunTime:0.000863s ]
INFO: [ app_end ] --END-- [ RunTime:0.000914s ]

[ 2019-08-15T16:47:53+08:00 ] 127.0.0.1 /
INFO: [ app_init ] --START--
INFO: Run Behavior\BuildLiteBehavior [ RunTime:0.000016s ]
INFO: [ app_init ] --END-- [ RunTime:0.000361s ]
INFO: [ app_begin ] --START--
INFO: Run Behavior\ReadHtmlCacheBehavior [ RunTime:0.000448s ]
INFO: [ app_begin ] --END-- [ RunTime:0.000487s ]
SQL: SHOW COLUMNS FROM `wy_system` [ RunTime:0.0047s ]
SQL: SELECT `sys_des2` FROM `wy_system` LIMIT 1   [ RunTime:0.0003s ]
INFO: [ view_parse ] --START--
INFO: [ template_filter ] --START--
INFO: Run Behavior\ContentReplaceBehavior [ RunTime:0.000097s ]
INFO: [ template_filter ] --END-- [ RunTime:0.000137s ]
SQL: SHOW COLUMNS FROM `wy_category` [ RunTime:0.0049s ]
SQL: SELECT * FROM `wy_category` WHERE ( cate_status='1' ) ORDER BY cate_sort  [ RunTime:0.0005s ]
SQL: SELECT `sys_concept` FROM `wy_system` LIMIT 1   [ RunTime:0.0002s ]
INFO: [ view_parse ] --START--
INFO: [ template_filter ] --START--
INFO: Run Behavior\ContentReplaceBehavior [ RunTime:0.000039s ]
INFO: [ template_filter ] --END-- [ RunTime:-0.009351s ]
NOTIC: [8] Undefined index: children E:\code\wanyu\Application\Runtime\Cache\Home\a2dce8bbd958434f8512d260119226ac.php 第 48 行.
INFO: Run Behavior\ParseTemplateBehavior [ RunTime:0.002381s ]
INFO: [ view_parse ] --END-- [ RunTime:0.002411s ]
INFO: [ view_filter ] --START--
INFO: Run Behavior\WriteHtmlCacheBehavior [ RunTime:0.000260s ]
INFO: [ view_filter ] --END-- [ RunTime:0.000287s ]
NOTIC: [2] Missing argument 1 for Home\Controller\CommonController::getSysInfo(), called in E:\code\wanyu\Application\Home\Controller\PublicController.class.php on line 20 and defined E:\code\wanyu\Application\Home\Controller\CommonController.class.php 第 5 行.
NOTIC: [8] Undefined variable: field E:\code\wanyu\Application\Home\Controller\CommonController.class.php 第 7 行.
SQL: SELECT * FROM `wy_system` LIMIT 1   [ RunTime:0.0003s ]
INFO: [ view_parse ] --START--
INFO: [ template_filter ] --START--
INFO: Run Behavior\ContentReplaceBehavior [ RunTime:0.000025s ]
INFO: [ template_filter ] --END-- [ RunTime:-0.011873s ]
INFO: Run Behavior\ParseTemplateBehavior [ RunTime:0.001632s ]
INFO: [ view_parse ] --END-- [ RunTime:-0.000843s ]
INFO: [ view_filter ] --START--
INFO: Run Behavior\WriteHtmlCacheBehavior [ RunTime:0.000013s ]
INFO: [ view_filter ] --END-- [ RunTime:-0.002249s ]
INFO: Run Behavior\ParseTemplateBehavior [ RunTime:0.001810s ]
INFO: [ view_parse ] --END-- [ RunTime:-0.000843s ]
INFO: [ view_filter ] --START--
INFO: Run Behavior\WriteHtmlCacheBehavior [ RunTime:0.000010s ]
INFO: [ view_filter ] --END-- [ RunTime:-0.002437s ]
INFO: [ app_end ] --START--
INFO: Run Behavior\ShowPageTraceBehavior [ RunTime:0.000686s ]
INFO: [ app_end ] --END-- [ RunTime:0.000738s ]

[ 2019-08-15T17:02:48+08:00 ] 127.0.0.1 /
INFO: [ app_init ] --START--
INFO: Run Behavior\BuildLiteBehavior [ RunTime:0.000011s ]
INFO: [ app_init ] --END-- [ RunTime:0.000344s ]
INFO: [ app_begin ] --START--
INFO: Run Behavior\ReadHtmlCacheBehavior [ RunTime:0.003865s ]
INFO: [ app_begin ] --END-- [ RunTime:0.004095s ]
SQL: SHOW COLUMNS FROM `wy_system` [ RunTime:0.0251s ]
SQL: SELECT `sys_des2` FROM `wy_system` LIMIT 1   [ RunTime:0.0005s ]
INFO: [ view_parse ] --START--
INFO: [ template_filter ] --START--
INFO: Run Behavior\ContentReplaceBehavior [ RunTime:0.000096s ]
INFO: [ template_filter ] --END-- [ RunTime:0.000135s ]
SQL: SHOW COLUMNS FROM `wy_category` [ RunTime:0.0046s ]
SQL: SELECT * FROM `wy_category` WHERE ( cate_status='1' ) ORDER BY cate_sort  [ RunTime:0.0006s ]
SQL: SELECT `sys_concept` FROM `wy_system` LIMIT 1   [ RunTime:0.0003s ]
INFO: [ view_parse ] --START--
INFO: [ template_filter ] --START--
INFO: Run Behavior\ContentReplaceBehavior [ RunTime:0.000041s ]
INFO: [ template_filter ] --END-- [ RunTime:-0.068934s ]
NOTIC: [8] Undefined index: children E:\code\wanyu\Application\Runtime\Cache\Home\a2dce8bbd958434f8512d260119226ac.php 第 48 行.
INFO: Run Behavior\ParseTemplateBehavior [ RunTime:0.049705s ]
INFO: [ view_parse ] --END-- [ RunTime:0.049742s ]
INFO: [ view_filter ] --START--
INFO: Run Behavior\WriteHtmlCacheBehavior [ RunTime:0.000436s ]
INFO: [ view_filter ] --END-- [ RunTime:0.000463s ]
NOTIC: [2] Missing argument 1 for Home\Controller\CommonController::getSysInfo(), called in E:\code\wanyu\Application\Home\Controller\PublicController.class.php on line 20 and defined E:\code\wanyu\Application\Home\Controller\CommonController.class.php 第 5 行.
NOTIC: [8] Undefined variable: field E:\code\wanyu\Application\Home\Controller\CommonController.class.php 第 7 行.
SQL: SELECT * FROM `wy_system` LIMIT 1   [ RunTime:0.0004s ]
INFO: [ view_parse ] --START--
INFO: [ template_filter ] --START--
INFO: Run Behavior\ContentReplaceBehavior [ RunTime:0.000027s ]
INFO: [ template_filter ] --END-- [ RunTime:-0.121182s ]
INFO: Run Behavior\ParseTemplateBehavior [ RunTime:0.020594s ]
INFO: [ view_parse ] --END-- [ RunTime:-0.001302s ]
INFO: [ view_filter ] --START--
INFO: Run Behavior\WriteHtmlCacheBehavior [ RunTime:0.000010s ]
INFO: [ view_filter ] --END-- [ RunTime:-0.021614s ]
INFO: Run Behavior\ParseTemplateBehavior [ RunTime:0.020852s ]
INFO: [ view_parse ] --END-- [ RunTime:-0.001302s ]
INFO: [ view_filter ] --START--
INFO: Run Behavior\WriteHtmlCacheBehavior [ RunTime:0.000007s ]
INFO: [ view_filter ] --END-- [ RunTime:-0.021732s ]
INFO: [ app_end ] --START--
INFO: Run Behavior\ShowPageTraceBehavior [ RunTime:0.001268s ]
INFO: [ app_end ] --END-- [ RunTime:0.001388s ]

[ 2019-08-15T17:03:00+08:00 ] 127.0.0.1 /
INFO: [ app_init ] --START--
INFO: Run Behavior\BuildLiteBehavior [ RunTime:0.000022s ]
INFO: [ app_init ] --END-- [ RunTime:0.000479s ]
INFO: [ app_begin ] --START--
INFO: Run Behavior\ReadHtmlCacheBehavior [ RunTime:0.002836s ]
INFO: [ app_begin ] --END-- [ RunTime:0.003033s ]
SQL: SHOW COLUMNS FROM `wy_system` [ RunTime:0.0049s ]
SQL: SELECT `sys_des2` FROM `wy_system` LIMIT 1   [ RunTime:0.0002s ]
INFO: [ view_parse ] --START--
INFO: [ template_filter ] --START--
INFO: Run Behavior\ContentReplaceBehavior [ RunTime:0.000096s ]
INFO: [ template_filter ] --END-- [ RunTime:0.000137s ]
SQL: SHOW COLUMNS FROM `wy_category` [ RunTime:0.0048s ]
SQL: SELECT * FROM `wy_category` WHERE ( cate_status='1' ) ORDER BY cate_sort  [ RunTime:0.0004s ]
SQL: SELECT `sys_concept` FROM `wy_system` LIMIT 1   [ RunTime:0.0002s ]
INFO: [ view_parse ] --START--
INFO: [ template_filter ] --START--
INFO: Run Behavior\ContentReplaceBehavior [ RunTime:0.000049s ]
INFO: [ template_filter ] --END-- [ RunTime:-0.011045s ]
NOTIC: [8] Undefined index: children E:\code\wanyu\Application\Runtime\Cache\Home\a2dce8bbd958434f8512d260119226ac.php 第 48 行.
INFO: Run Behavior\ParseTemplateBehavior [ RunTime:0.002855s ]
INFO: [ view_parse ] --END-- [ RunTime:0.002886s ]
INFO: [ view_filter ] --START--
INFO: Run Behavior\WriteHtmlCacheBehavior [ RunTime:0.000629s ]
INFO: [ view_filter ] --END-- [ RunTime:0.000663s ]
NOTIC: [2] Missing argument 1 for Home\Controller\CommonController::getSysInfo(), called in E:\code\wanyu\Application\Home\Controller\PublicController.class.php on line 20 and defined E:\code\wanyu\Application\Home\Controller\CommonController.class.php 第 5 行.
NOTIC: [8] Undefined variable: field E:\code\wanyu\Application\Home\Controller\CommonController.class.php 第 7 行.
SQL: SELECT * FROM `wy_system` LIMIT 1   [ RunTime:0.0003s ]
INFO: [ view_parse ] --START--
INFO: [ template_filter ] --START--
INFO: Run Behavior\ContentReplaceBehavior [ RunTime:0.000025s ]
INFO: [ template_filter ] --END-- [ RunTime:-0.014666s ]
INFO: Run Behavior\ParseTemplateBehavior [ RunTime:0.002202s ]
INFO: [ view_parse ] --END-- [ RunTime:-0.001450s ]
INFO: [ view_filter ] --START--
INFO: Run Behavior\WriteHtmlCacheBehavior [ RunTime:0.000012s ]
INFO: [ view_filter ] --END-- [ RunTime:-0.003074s ]
INFO: Run Behavior\ParseTemplateBehavior [ RunTime:0.002355s ]
INFO: [ view_parse ] --END-- [ RunTime:-0.001450s ]
INFO: [ view_filter ] --START--
INFO: Run Behavior\WriteHtmlCacheBehavior [ RunTime:0.000010s ]
INFO: [ view_filter ] --END-- [ RunTime:-0.003219s ]
INFO: [ app_end ] --START--
INFO: Run Behavior\ShowPageTraceBehavior [ RunTime:0.002998s ]
INFO: [ app_end ] --END-- [ RunTime:0.003058s ]

