[ 2019-08-08T08:11:44+08:00 ] 127.0.0.1 /index.php
INFO: [ app_init ] --START--
INFO: Run Behavior\BuildLiteBehavior [ RunTime:0.000019s ]
INFO: [ app_init ] --END-- [ RunTime:0.003884s ]
INFO: [ app_begin ] --START--
INFO: Run Behavior\ReadHtmlCacheBehavior [ RunTime:0.001079s ]
INFO: [ app_begin ] --END-- [ RunTime:0.001129s ]
SQL: SHOW COLUMNS FROM `wy_system` [ RunTime:0.1494s ]
SQL: SELECT `sys_des2` FROM `wy_system` LIMIT 1   [ RunTime:0.0011s ]
INFO: [ view_parse ] --START--
INFO: [ template_filter ] --START--
INFO: Run Behavior\ContentReplaceBehavior [ RunTime:0.001243s ]
INFO: [ template_filter ] --END-- [ RunTime:0.001369s ]
SQL: SHOW COLUMNS FROM `wy_category` [ RunTime:0.1068s ]
SQL: SELECT * FROM `wy_category` WHERE ( cate_status='1' ) ORDER BY cate_sort  [ RunTime:0.0009s ]
SQL: SELECT `sys_concept` FROM `wy_system` LIMIT 1   [ RunTime:0.0002s ]
INFO: [ view_parse ] --START--
INFO: [ template_filter ] --START--
INFO: Run Behavior\ContentReplaceBehavior [ RunTime:0.000045s ]
INFO: [ template_filter ] --END-- [ RunTime:-0.216714s ]
NOTIC: [8] Undefined index: children E:\code\wanyu\Application\Runtime\Cache\Home\a2dce8bbd958434f8512d260119226ac.php 第 48 行.
INFO: Run Behavior\ParseTemplateBehavior [ RunTime:0.031398s ]
INFO: [ view_parse ] --END-- [ RunTime:0.031439s ]
INFO: [ view_filter ] --START--
INFO: Run Behavior\WriteHtmlCacheBehavior [ RunTime:0.001247s ]
INFO: [ view_filter ] --END-- [ RunTime:0.001290s ]
NOTIC: [2] Missing argument 1 for Home\Controller\CommonController::getSysInfo(), called in E:\code\wanyu\Application\Home\Controller\PublicController.class.php on line 20 and defined E:\code\wanyu\Application\Home\Controller\CommonController.class.php 第 5 行.
NOTIC: [8] Undefined variable: field E:\code\wanyu\Application\Home\Controller\CommonController.class.php 第 7 行.
SQL: SELECT * FROM `wy_system` LIMIT 1   [ RunTime:0.0004s ]
INFO: [ view_parse ] --START--
INFO: [ template_filter ] --START--
INFO: Run Behavior\ContentReplaceBehavior [ RunTime:0.000112s ]
INFO: [ template_filter ] --END-- [ RunTime:-0.282387s ]
INFO: Run Behavior\ParseTemplateBehavior [ RunTime:0.076506s ]
INFO: [ view_parse ] --END-- [ RunTime:-0.005971s ]
INFO: [ view_filter ] --START--
INFO: Run Behavior\WriteHtmlCacheBehavior [ RunTime:0.000010s ]
INFO: [ view_filter ] --END-- [ RunTime:-0.081261s ]
INFO: Run Behavior\ParseTemplateBehavior [ RunTime:0.076639s ]
INFO: [ view_parse ] --END-- [ RunTime:-0.005971s ]
INFO: [ view_filter ] --START--
INFO: Run Behavior\WriteHtmlCacheBehavior [ RunTime:0.000009s ]
INFO: [ view_filter ] --END-- [ RunTime:-0.081373s ]
INFO: [ app_end ] --START--
INFO: Run Behavior\ShowPageTraceBehavior [ RunTime:0.001688s ]
INFO: [ app_end ] --END-- [ RunTime:0.001759s ]

[ 2019-08-08T08:17:00+08:00 ] 127.0.0.1 /index.php
INFO: [ app_init ] --START--
INFO: Run Behavior\BuildLiteBehavior [ RunTime:0.000011s ]
INFO: [ app_init ] --END-- [ RunTime:0.000318s ]
INFO: [ app_begin ] --START--
INFO: Run Behavior\ReadHtmlCacheBehavior [ RunTime:0.003211s ]
INFO: [ app_begin ] --END-- [ RunTime:0.003388s ]
SQL: SHOW COLUMNS FROM `wy_system` [ RunTime:0.0201s ]
SQL: SELECT `sys_des2` FROM `wy_system` LIMIT 1   [ RunTime:0.0010s ]
INFO: [ view_parse ] --START--
INFO: [ template_filter ] --START--
INFO: Run Behavior\ContentReplaceBehavior [ RunTime:0.000209s ]
INFO: [ template_filter ] --END-- [ RunTime:0.000283s ]
SQL: SHOW COLUMNS FROM `wy_category` [ RunTime:0.0080s ]
SQL: SELECT * FROM `wy_category` WHERE ( cate_status='1' ) ORDER BY cate_sort  [ RunTime:0.0006s ]
SQL: SELECT `sys_concept` FROM `wy_system` LIMIT 1   [ RunTime:0.0002s ]
INFO: [ view_parse ] --START--
INFO: [ template_filter ] --START--
INFO: Run Behavior\ContentReplaceBehavior [ RunTime:0.000064s ]
INFO: [ template_filter ] --END-- [ RunTime:-0.015683s ]
NOTIC: [8] Undefined index: children E:\code\wanyu\Application\Runtime\Cache\Home\a2dce8bbd958434f8512d260119226ac.php 第 48 行.
INFO: Run Behavior\ParseTemplateBehavior [ RunTime:0.003434s ]
INFO: [ view_parse ] --END-- [ RunTime:0.003476s ]
INFO: [ view_filter ] --START--
INFO: Run Behavior\WriteHtmlCacheBehavior [ RunTime:0.000432s ]
INFO: [ view_filter ] --END-- [ RunTime:0.000466s ]
NOTIC: [2] Missing argument 1 for Home\Controller\CommonController::getSysInfo(), called in E:\code\wanyu\Application\Home\Controller\PublicController.class.php on line 20 and defined E:\code\wanyu\Application\Home\Controller\CommonController.class.php 第 5 行.
NOTIC: [8] Undefined variable: field E:\code\wanyu\Application\Home\Controller\CommonController.class.php 第 7 行.
SQL: SELECT * FROM `wy_system` LIMIT 1   [ RunTime:0.0003s ]
INFO: [ view_parse ] --START--
INFO: [ template_filter ] --START--
INFO: Run Behavior\ContentReplaceBehavior [ RunTime:0.000032s ]
INFO: [ template_filter ] --END-- [ RunTime:-0.019321s ]
INFO: Run Behavior\ParseTemplateBehavior [ RunTime:0.001968s ]
INFO: [ view_parse ] --END-- [ RunTime:-0.001262s ]
INFO: [ view_filter ] --START--
INFO: Run Behavior\WriteHtmlCacheBehavior [ RunTime:0.000010s ]
INFO: [ view_filter ] --END-- [ RunTime:-0.002804s ]
INFO: Run Behavior\ParseTemplateBehavior [ RunTime:0.002081s ]
INFO: [ view_parse ] --END-- [ RunTime:-0.001262s ]
INFO: [ view_filter ] --START--
INFO: Run Behavior\WriteHtmlCacheBehavior [ RunTime:0.000008s ]
INFO: [ view_filter ] --END-- [ RunTime:-0.002923s ]
INFO: [ app_end ] --START--
INFO: Run Behavior\ShowPageTraceBehavior [ RunTime:0.001013s ]
INFO: [ app_end ] --END-- [ RunTime:0.001182s ]

[ 2019-08-08T08:17:05+08:00 ] 127.0.0.1 /index.php/Home/List/show_list/id/23
INFO: [ app_init ] --START--
INFO: Run Behavior\BuildLiteBehavior [ RunTime:0.000014s ]
INFO: [ app_init ] --END-- [ RunTime:0.000300s ]
INFO: [ app_begin ] --START--
INFO: Run Behavior\ReadHtmlCacheBehavior [ RunTime:0.000492s ]
INFO: [ app_begin ] --END-- [ RunTime:0.000525s ]
SQL: SHOW COLUMNS FROM `wy_category` [ RunTime:0.0056s ]
SQL: SELECT `cate_pid` FROM `wy_category` WHERE ( cate_id=23 ) LIMIT 1   [ RunTime:0.0144s ]
SQL: SELECT `cate_name` FROM `wy_category` WHERE ( cate_id=9 ) LIMIT 1   [ RunTime:0.0003s ]
SQL: SELECT * FROM `wy_category` INNER JOIN wy_template ON wy_template.temp_id = wy_category.cate_list_tempid  WHERE `cate_id` = '23' LIMIT 1   [ RunTime:0.0200s ]
SQL: SHOW COLUMNS FROM `wy_catecont` [ RunTime:0.0044s ]
SQL: SELECT `con_content` FROM `wy_catecont` WHERE ( cate_id=23 ) LIMIT 1   [ RunTime:0.0002s ]
INFO: [ view_parse ] --START--
INFO: [ template_filter ] --START--
INFO: Run Behavior\ContentReplaceBehavior [ RunTime:0.000085s ]
INFO: [ template_filter ] --END-- [ RunTime:0.000128s ]
SQL: SELECT * FROM `wy_category` WHERE ( cate_status='1' ) ORDER BY cate_sort  [ RunTime:0.0006s ]
SQL: SHOW COLUMNS FROM `wy_system` [ RunTime:0.0086s ]
SQL: SELECT `sys_concept` FROM `wy_system` LIMIT 1   [ RunTime:0.0003s ]
INFO: [ view_parse ] --START--
INFO: [ template_filter ] --START--
INFO: Run Behavior\ContentReplaceBehavior [ RunTime:0.000044s ]
INFO: [ template_filter ] --END-- [ RunTime:-0.015502s ]
NOTIC: [8] Undefined index: children E:\code\wanyu\Application\Runtime\Cache\Home\a2dce8bbd958434f8512d260119226ac.php 第 48 行.
INFO: Run Behavior\ParseTemplateBehavior [ RunTime:0.003085s ]
INFO: [ view_parse ] --END-- [ RunTime:0.003155s ]
INFO: [ view_filter ] --START--
INFO: Run Behavior\WriteHtmlCacheBehavior [ RunTime:0.000330s ]
INFO: [ view_filter ] --END-- [ RunTime:0.000356s ]
SQL: SELECT * FROM `wy_category` WHERE ( cate_id=23 ) LIMIT 1   [ RunTime:0.0004s ]
SQL: SELECT `cate_id`,`cate_name`,`cate_url`,`cate_pid` FROM `wy_category` WHERE ( cate_pid=9 )  [ RunTime:0.0003s ]
INFO: [ view_parse ] --START--
INFO: [ template_filter ] --START--
INFO: Run Behavior\ContentReplaceBehavior [ RunTime:0.000025s ]
INFO: [ template_filter ] --END-- [ RunTime:-0.031516s ]
NOTIC: [8] Undefined index: cate_id E:\code\wanyu\Application\Runtime\Cache\Home\ec64167d09ef86218fa9e09ad6e88c30.php 第 14 行.
NOTIC: [8] Undefined index: cate_id E:\code\wanyu\Application\Runtime\Cache\Home\ec64167d09ef86218fa9e09ad6e88c30.php 第 14 行.
NOTIC: [8] Undefined index: cate_id E:\code\wanyu\Application\Runtime\Cache\Home\ec64167d09ef86218fa9e09ad6e88c30.php 第 14 行.
INFO: Run Behavior\ParseTemplateBehavior [ RunTime:0.014477s ]
INFO: [ view_parse ] --END-- [ RunTime:-0.001447s ]
INFO: [ view_filter ] --START--
INFO: Run Behavior\WriteHtmlCacheBehavior [ RunTime:0.000008s ]
INFO: [ view_filter ] --END-- [ RunTime:-0.015609s ]
NOTIC: [2] Missing argument 1 for Home\Controller\CommonController::getSysInfo(), called in E:\code\wanyu\Application\Home\Controller\PublicController.class.php on line 20 and defined E:\code\wanyu\Application\Home\Controller\CommonController.class.php 第 5 行.
NOTIC: [8] Undefined variable: field E:\code\wanyu\Application\Home\Controller\CommonController.class.php 第 7 行.
SQL: SELECT * FROM `wy_system` LIMIT 1   [ RunTime:0.0005s ]
INFO: [ view_parse ] --START--
INFO: [ template_filter ] --START--
INFO: Run Behavior\ContentReplaceBehavior [ RunTime:0.000029s ]
INFO: [ template_filter ] --END-- [ RunTime:-0.034577s ]
INFO: Run Behavior\ParseTemplateBehavior [ RunTime:0.002415s ]
INFO: [ view_parse ] --END-- [ RunTime:-0.016929s ]
INFO: [ view_filter ] --START--
INFO: Run Behavior\WriteHtmlCacheBehavior [ RunTime:0.000010s ]
INFO: [ view_filter ] --END-- [ RunTime:-0.019049s ]
INFO: Run Behavior\ParseTemplateBehavior [ RunTime:0.002535s ]
INFO: [ view_parse ] --END-- [ RunTime:-0.016929s ]
INFO: [ view_filter ] --START--
INFO: Run Behavior\WriteHtmlCacheBehavior [ RunTime:0.000005s ]
INFO: [ view_filter ] --END-- [ RunTime:-0.019138s ]
INFO: [ app_end ] --START--
INFO: Run Behavior\ShowPageTraceBehavior [ RunTime:0.000690s ]
INFO: [ app_end ] --END-- [ RunTime:0.000734s ]

[ 2019-08-08T08:23:13+08:00 ] 127.0.0.1 /index.php
INFO: [ app_init ] --START--
INFO: Run Behavior\BuildLiteBehavior [ RunTime:0.000010s ]
INFO: [ app_init ] --END-- [ RunTime:0.000273s ]
INFO: [ app_begin ] --START--
INFO: Run Behavior\ReadHtmlCacheBehavior [ RunTime:0.001586s ]
INFO: [ app_begin ] --END-- [ RunTime:0.001647s ]
SQL: SHOW COLUMNS FROM `wy_system` [ RunTime:0.0130s ]
SQL: SELECT `sys_des2` FROM `wy_system` LIMIT 1   [ RunTime:0.0007s ]
INFO: [ view_parse ] --START--
INFO: [ template_filter ] --START--
INFO: Run Behavior\ContentReplaceBehavior [ RunTime:0.000270s ]
INFO: [ template_filter ] --END-- [ RunTime:0.000370s ]
SQL: SHOW COLUMNS FROM `wy_category` [ RunTime:0.0073s ]
SQL: SELECT * FROM `wy_category` WHERE ( cate_status='1' ) ORDER BY cate_sort  [ RunTime:0.0007s ]
SQL: SELECT `sys_concept` FROM `wy_system` LIMIT 1   [ RunTime:0.0003s ]
INFO: [ view_parse ] --START--
INFO: [ template_filter ] --START--
INFO: Run Behavior\ContentReplaceBehavior [ RunTime:0.000054s ]
INFO: [ template_filter ] --END-- [ RunTime:-0.016449s ]
NOTIC: [8] Undefined index: children E:\code\wanyu\Application\Runtime\Cache\Home\a2dce8bbd958434f8512d260119226ac.php 第 48 行.
INFO: Run Behavior\ParseTemplateBehavior [ RunTime:0.003609s ]
INFO: [ view_parse ] --END-- [ RunTime:0.003652s ]
INFO: [ view_filter ] --START--
INFO: Run Behavior\WriteHtmlCacheBehavior [ RunTime:0.000457s ]
INFO: [ view_filter ] --END-- [ RunTime:0.000494s ]
NOTIC: [2] Missing argument 1 for Home\Controller\CommonController::getSysInfo(), called in E:\code\wanyu\Application\Home\Controller\PublicController.class.php on line 20 and defined E:\code\wanyu\Application\Home\Controller\CommonController.class.php 第 5 行.
NOTIC: [8] Undefined variable: field E:\code\wanyu\Application\Home\Controller\CommonController.class.php 第 7 行.
SQL: SELECT * FROM `wy_system` LIMIT 1   [ RunTime:0.0004s ]
INFO: [ view_parse ] --START--
INFO: [ template_filter ] --START--
INFO: Run Behavior\ContentReplaceBehavior [ RunTime:0.000033s ]
INFO: [ template_filter ] --END-- [ RunTime:-0.020174s ]
INFO: Run Behavior\ParseTemplateBehavior [ RunTime:0.001896s ]
INFO: [ view_parse ] --END-- [ RunTime:-0.001345s ]
INFO: [ view_filter ] --START--
INFO: Run Behavior\WriteHtmlCacheBehavior [ RunTime:0.000009s ]
INFO: [ view_filter ] --END-- [ RunTime:-0.002784s ]
INFO: Run Behavior\ParseTemplateBehavior [ RunTime:0.002004s ]
INFO: [ view_parse ] --END-- [ RunTime:-0.001345s ]
INFO: [ view_filter ] --START--
INFO: Run Behavior\WriteHtmlCacheBehavior [ RunTime:0.000008s ]
INFO: [ view_filter ] --END-- [ RunTime:-0.002897s ]
INFO: [ app_end ] --START--
INFO: Run Behavior\ShowPageTraceBehavior [ RunTime:0.000672s ]
INFO: [ app_end ] --END-- [ RunTime:0.000708s ]

[ 2019-08-08T14:34:42+08:00 ] 127.0.0.1 /index.php/home
INFO: [ app_init ] --START--
INFO: Run Behavior\BuildLiteBehavior [ RunTime:0.000012s ]
INFO: [ app_init ] --END-- [ RunTime:0.000772s ]
INFO: [ app_begin ] --START--
INFO: Run Behavior\ReadHtmlCacheBehavior [ RunTime:0.001729s ]
INFO: [ app_begin ] --END-- [ RunTime:0.001822s ]
SQL: SHOW COLUMNS FROM `wy_system` [ RunTime:0.0346s ]
SQL: SELECT `sys_des2` FROM `wy_system` LIMIT 1   [ RunTime:0.0007s ]
INFO: [ view_parse ] --START--
INFO: [ template_filter ] --START--
INFO: Run Behavior\ContentReplaceBehavior [ RunTime:0.000101s ]
INFO: [ template_filter ] --END-- [ RunTime:0.000140s ]
SQL: SHOW COLUMNS FROM `wy_category` [ RunTime:0.0239s ]
SQL: SELECT * FROM `wy_category` WHERE ( cate_status='1' ) ORDER BY cate_sort  [ RunTime:0.0125s ]
SQL: SELECT `sys_concept` FROM `wy_system` LIMIT 1   [ RunTime:0.0003s ]
INFO: [ view_parse ] --START--
INFO: [ template_filter ] --START--
INFO: Run Behavior\ContentReplaceBehavior [ RunTime:0.000064s ]
INFO: [ template_filter ] --END-- [ RunTime:-0.282123s ]
NOTIC: [8] Undefined index: children E:\code\wanyu\Application\Runtime\Cache\Home\a2dce8bbd958434f8512d260119226ac.php 第 48 行.
INFO: Run Behavior\ParseTemplateBehavior [ RunTime:0.085242s ]
INFO: [ view_parse ] --END-- [ RunTime:0.085283s ]
INFO: [ view_filter ] --START--
INFO: Run Behavior\WriteHtmlCacheBehavior [ RunTime:0.028243s ]
INFO: [ view_filter ] --END-- [ RunTime:0.028279s ]
NOTIC: [2] Missing argument 1 for Home\Controller\CommonController::getSysInfo(), called in E:\code\wanyu\Application\Home\Controller\PublicController.class.php on line 20 and defined E:\code\wanyu\Application\Home\Controller\CommonController.class.php 第 5 行.
NOTIC: [8] Undefined variable: field E:\code\wanyu\Application\Home\Controller\CommonController.class.php 第 7 行.
SQL: SELECT * FROM `wy_system` LIMIT 1   [ RunTime:0.0005s ]
INFO: [ view_parse ] --START--
INFO: [ template_filter ] --START--
INFO: Run Behavior\ContentReplaceBehavior [ RunTime:0.000029s ]
INFO: [ template_filter ] --END-- [ RunTime:-0.357128s ]
INFO: Run Behavior\ParseTemplateBehavior [ RunTime:0.027188s ]
INFO: [ view_parse ] --END-- [ RunTime:-0.032092s ]
INFO: [ view_filter ] --START--
INFO: Run Behavior\WriteHtmlCacheBehavior [ RunTime:0.000010s ]
INFO: [ view_filter ] --END-- [ RunTime:-0.031078s ]
INFO: Run Behavior\ParseTemplateBehavior [ RunTime:0.027344s ]
INFO: [ view_parse ] --END-- [ RunTime:-0.032092s ]
INFO: [ view_filter ] --START--
INFO: Run Behavior\WriteHtmlCacheBehavior [ RunTime:0.000006s ]
INFO: [ view_filter ] --END-- [ RunTime:-0.031216s ]
INFO: [ app_end ] --START--
INFO: Run Behavior\ShowPageTraceBehavior [ RunTime:0.012981s ]
INFO: [ app_end ] --END-- [ RunTime:0.013036s ]

