[ 2019-07-29T11:04:48+08:00 ] 127.0.0.1 /index.php/plus/img/base.css
INFO: [ app_init ] --START--
INFO: Run Behavior\BuildLiteBehavior [ RunTime:0.000012s ]
INFO: [ app_init ] --END-- [ RunTime:0.000327s ]
ERR: 无法加载模块:Plus

[ 2019-07-29T11:10:17+08:00 ] 127.0.0.1 /index.php/plus/img/base.css
INFO: [ app_init ] --START--
INFO: Run Behavior\BuildLiteBehavior [ RunTime:0.000015s ]
INFO: [ app_init ] --END-- [ RunTime:0.000380s ]
ERR: 无法加载模块:Plus

[ 2019-07-29T11:10:31+08:00 ] 127.0.0.1 /index.php/plus/img/base.css
INFO: [ app_init ] --START--
INFO: Run Behavior\BuildLiteBehavior [ RunTime:0.000010s ]
INFO: [ app_init ] --END-- [ RunTime:0.000272s ]
ERR: 无法加载模块:Plus

[ 2019-07-29T11:11:32+08:00 ] 127.0.0.1 /index.php/plus/img/base.css
INFO: [ app_init ] --START--
INFO: Run Behavior\BuildLiteBehavior [ RunTime:0.000017s ]
INFO: [ app_init ] --END-- [ RunTime:0.000405s ]
ERR: 无法加载模块:Plus

[ 2019-07-29T11:17:28+08:00 ] 127.0.0.1 /index.php/plus/img/base.css
INFO: [ app_init ] --START--
INFO: Run Behavior\BuildLiteBehavior [ RunTime:0.000010s ]
INFO: [ app_init ] --END-- [ RunTime:0.000256s ]
ERR: 无法加载模块:Plus

[ 2019-07-29T11:17:31+08:00 ] 127.0.0.1 /index.php/plus/img/base.css
INFO: [ app_init ] --START--
INFO: Run Behavior\BuildLiteBehavior [ RunTime:0.000010s ]
INFO: [ app_init ] --END-- [ RunTime:0.000269s ]
ERR: 无法加载模块:Plus

[ 2019-07-29T11:17:34+08:00 ] 127.0.0.1 /index.php/plus/img/base.css
INFO: [ app_init ] --START--
INFO: Run Behavior\BuildLiteBehavior [ RunTime:0.000011s ]
INFO: [ app_init ] --END-- [ RunTime:0.000309s ]
ERR: 无法加载模块:Plus

[ 2019-07-29T11:17:37+08:00 ] 127.0.0.1 /index.php/plus/img/base.css
INFO: [ app_init ] --START--
INFO: Run Behavior\BuildLiteBehavior [ RunTime:0.000012s ]
INFO: [ app_init ] --END-- [ RunTime:0.000371s ]
ERR: 无法加载模块:Plus

[ 2019-07-29T11:17:40+08:00 ] 127.0.0.1 /index.php/plus/img/base.css
INFO: [ app_init ] --START--
INFO: Run Behavior\BuildLiteBehavior [ RunTime:0.000016s ]
INFO: [ app_init ] --END-- [ RunTime:0.000432s ]
ERR: 无法加载模块:Plus

[ 2019-07-29T11:24:03+08:00 ] 127.0.0.1 /index.php/plus/img/base.css
INFO: [ app_init ] --START--
INFO: Run Behavior\BuildLiteBehavior [ RunTime:0.000013s ]
INFO: [ app_init ] --END-- [ RunTime:0.000369s ]
ERR: 无法加载模块:Plus

[ 2019-07-29T11:24:06+08:00 ] 127.0.0.1 /index.php/plus/img/base.css
INFO: [ app_init ] --START--
INFO: Run Behavior\BuildLiteBehavior [ RunTime:0.000018s ]
INFO: [ app_init ] --END-- [ RunTime:0.000462s ]
ERR: 无法加载模块:Plus

[ 2019-07-29T11:24:08+08:00 ] 127.0.0.1 /index.php/plus/img/base.css
INFO: [ app_init ] --START--
INFO: Run Behavior\BuildLiteBehavior [ RunTime:0.000016s ]
INFO: [ app_init ] --END-- [ RunTime:0.000433s ]
ERR: 无法加载模块:Plus

[ 2019-07-29T11:25:34+08:00 ] 127.0.0.1 /index.php/plus/img/base.css
INFO: [ app_init ] --START--
INFO: Run Behavior\BuildLiteBehavior [ RunTime:0.000020s ]
INFO: [ app_init ] --END-- [ RunTime:0.000560s ]
ERR: 无法加载模块:Plus

[ 2019-07-29T11:28:38+08:00 ] 127.0.0.1 /index.php/plus/img/base.css
INFO: [ app_init ] --START--
INFO: Run Behavior\BuildLiteBehavior [ RunTime:0.000015s ]
INFO: [ app_init ] --END-- [ RunTime:0.000379s ]
ERR: 无法加载模块:Plus

[ 2019-07-29T11:28:41+08:00 ] 127.0.0.1 /index.php/plus/img/base.css
INFO: [ app_init ] --START--
INFO: Run Behavior\BuildLiteBehavior [ RunTime:0.000017s ]
INFO: [ app_init ] --END-- [ RunTime:0.000364s ]
ERR: 无法加载模块:Plus

[ 2019-07-29T11:28:42+08:00 ] 127.0.0.1 /index.php/plus/img/base.css
INFO: [ app_init ] --START--
INFO: Run Behavior\BuildLiteBehavior [ RunTime:0.000020s ]
INFO: [ app_init ] --END-- [ RunTime:0.000549s ]
ERR: 无法加载模块:Plus

[ 2019-07-29T11:28:44+08:00 ] 127.0.0.1 /index.php/plus/img/base.css
INFO: [ app_init ] --START--
INFO: Run Behavior\BuildLiteBehavior [ RunTime:0.000010s ]
INFO: [ app_init ] --END-- [ RunTime:0.000272s ]
ERR: 无法加载模块:Plus

[ 2019-07-29T11:29:38+08:00 ] 127.0.0.1 /index.php/plus/img/base.css
INFO: [ app_init ] --START--
INFO: Run Behavior\BuildLiteBehavior [ RunTime:0.000010s ]
INFO: [ app_init ] --END-- [ RunTime:0.000290s ]
ERR: 无法加载模块:Plus

[ 2019-07-29T11:35:31+08:00 ] 127.0.0.1 /index.php/plus/img/base.css
INFO: [ app_init ] --START--
INFO: Run Behavior\BuildLiteBehavior [ RunTime:0.000012s ]
INFO: [ app_init ] --END-- [ RunTime:0.000339s ]
ERR: 无法加载模块:Plus

[ 2019-07-29T11:39:00+08:00 ] 127.0.0.1 /index.php/plus/img/base.css
INFO: [ app_init ] --START--
INFO: Run Behavior\BuildLiteBehavior [ RunTime:0.000011s ]
INFO: [ app_init ] --END-- [ RunTime:0.000300s ]
ERR: 无法加载模块:Plus

[ 2019-07-29T11:39:08+08:00 ] 127.0.0.1 /index.php/plus/img/base.css
INFO: [ app_init ] --START--
INFO: Run Behavior\BuildLiteBehavior [ RunTime:0.000019s ]
INFO: [ app_init ] --END-- [ RunTime:0.000481s ]
ERR: 无法加载模块:Plus

[ 2019-07-29T11:40:43+08:00 ] 127.0.0.1 /index.php/plus/img/base.css
INFO: [ app_init ] --START--
INFO: Run Behavior\BuildLiteBehavior [ RunTime:0.000010s ]
INFO: [ app_init ] --END-- [ RunTime:0.000273s ]
ERR: 无法加载模块:Plus

[ 2019-07-29T11:43:59+08:00 ] 127.0.0.1 /index.php/plus/img/base.css
INFO: [ app_init ] --START--
INFO: Run Behavior\BuildLiteBehavior [ RunTime:0.000011s ]
INFO: [ app_init ] --END-- [ RunTime:0.000289s ]
ERR: 无法加载模块:Plus

